{
  "RSpec": {
    "coverage": {
      "/home/denis/Rails/mampf/app/models/user.rb": [
        null,
        1,
        1,
        null,
        null,
        1,
        1,
        1,
        null,
        1,
        0,
        0,
        null,
        0,
        null,
        0,
        null,
        0,
        null,
        0,
        null,
        null,
        null,
        1,
        null,
        1,
        0,
        0,
        0,
        null,
        null
      ],
      "/home/denis/Rails/mampf/app/models/application_record.rb": [
        null,
        1,
        1,
        null
      ],
      "/home/denis/Rails/mampf/app/models/medium.rb": [
        null,
        1,
        1,
        1,
        1,
        1,
        1,
        1,
        null,
        1,
        1,
        1,
        1,
        1,
        1,
        null,
        1,
        1,
        1,
        null,
        1,
        1,
        null,
        null,
        null,
        1,
        null,
        null,
        null,
        1,
        null,
        null,
        null,
        1,
        null,
        null,
        null,
        1,
        null,
        null,
        null,
        null,
        1,
        null,
        null,
        null,
        1,
        null,
        null,
        null,
        null,
        1,
        null,
        null,
        null,
        1,
        null,
        null,
        1,
        null,
        1,
        1,
        1,
        62,
        null,
        null,
        1,
        1,
        null,
        null,
        1,
        1,
        1,
        null,
        1,
        null,
        null,
        1,
        2,
        2,
        null,
        null,
        1,
        1,
        1,
        null,
        null,
        1,
        1,
        1,
        1,
        null,
        null,
        1,
        1,
        null,
        null,
        1,
        1,
        null,
        null,
        1,
        1,
        1,
        null,
        null,
        1,
        2,
        null,
        2,
        null,
        null,
        1,
        null,
        null,
        1,
        1,
        1,
        null,
        null,
        1,
        null,
        null,
        1,
        null,
        null,
        1,
        1,
        1,
        null,
        null,
        1,
        10,
        null,
        null,
        1,
        null,
        1,
        null,
        null,
        1,
        6,
        null,
        0,
        null,
        0,
        null,
        6,
        null,
        4,
        null,
        null,
        1,
        6,
        null,
        null,
        1,
        1,
        null,
        1,
        null,
        1,
        75,
        null,
        null,
        1,
        141,
        null,
        null,
        1,
        62,
        null,
        null,
        1,
        null,
        62,
        null,
        null,
        null,
        1,
        1,
        null,
        null,
        1,
        186,
        null,
        null,
        1,
        124,
        null,
        null,
        1,
        2,
        null,
        1,
        null,
        null,
        1,
        17,
        17,
        null,
        null,
        1,
        17,
        17,
        17,
        17,
        null,
        null,
        null,
        1,
        17,
        17,
        17,
        null,
        null
      ],
      "/home/denis/Rails/mampf/app/validators/http_url_validator.rb": [
        1,
        null,
        1,
        302,
        302,
        null,
        0,
        null,
        null,
        1,
        302,
        6,
        null,
        null,
        null,
        null
      ],
      "/home/denis/Rails/mampf/app/models/chapter.rb": [
        null,
        1,
        1,
        1,
        1,
        1,
        null,
        null,
        null,
        null,
        null,
        null,
        1,
        0,
        null,
        null,
        1,
        0,
        null,
        null,
        1,
        0,
        null,
        null
      ],
      "/home/denis/Rails/mampf/app/models/course.rb": [
        null,
        1,
        1,
        1,
        1,
        1,
        1,
        1,
        null,
        1,
        0,
        null,
        null,
        1,
        0,
        null,
        null
      ],
      "/home/denis/Rails/mampf/app/models/lecture.rb": [
        null,
        1,
        1,
        1,
        1,
        1,
        1,
        1,
        1,
        null,
        1,
        1,
        1,
        1,
        1,
        1,
        1,
        1,
        1,
        1,
        1,
        1,
        1,
        1,
        null,
        null,
        1,
        59,
        59,
        59,
        59,
        59,
        null,
        null,
        1,
        0,
        null,
        null,
        1,
        0,
        null,
        null,
        1,
        6,
        null,
        null,
        1,
        0,
        null,
        null,
        1,
        0,
        0,
        null,
        null,
        1,
        0,
        null,
        null,
        1,
        null,
        0,
        null,
        null,
        1,
        1,
        null,
        null
      ],
      "/home/denis/Rails/mampf/app/models/lesson.rb": [
        null,
        1,
        1,
        1,
        1,
        1,
        1,
        1,
        1,
        1,
        null,
        null,
        null,
        null,
        null,
        1,
        1,
        null,
        1,
        213,
        213,
        null,
        null,
        1,
        0,
        0,
        null,
        null,
        1,
        5,
        null,
        null,
        1,
        0,
        null,
        null,
        1,
        5,
        5,
        null,
        null,
        1,
        1,
        null,
        null,
        1,
        4,
        null,
        null,
        1,
        null,
        1,
        71,
        71,
        71,
        0,
        0,
        null,
        null,
        1,
        142,
        142,
        0,
        0,
        null,
        null
      ],
      "/home/denis/Rails/mampf/app/models/section.rb": [
        null,
        1,
        1,
        1,
        1,
        1,
        1,
        1,
        1,
        null,
        null,
        null,
        null,
        null,
        1,
        1,
        null,
        1,
        0,
        0,
        null,
        null,
        1,
        0,
        0,
        null,
        null,
        1,
        null,
        1,
        4,
        0,
        0,
        0,
        null,
        null,
        1,
        4,
        0,
        0,
        0,
        null,
        null
      ],
      "/home/denis/Rails/mampf/app/models/tag.rb": [
        null,
        null,
        null,
        null,
        null,
        null,
        1,
        1,
        1,
        1,
        1,
        null,
        1,
        1,
        null,
        1,
        1,
        1,
        1,
        1,
        1,
        1,
        1,
        1,
        null,
        1,
        0,
        0,
        0,
        null,
        null,
        1,
        null,
        null,
        0,
        0,
        null,
        null,
        1,
        0,
        null,
        null,
        1,
        0,
        null,
        null
      ],
      "/home/denis/Rails/mampf/app/models/teacher.rb": [
        null,
        1,
        1,
        1,
        1,
        null,
        null,
        null,
        1,
        null,
        1,
        null,
        1,
        76,
        null,
        null
      ],
      "/home/denis/Rails/mampf/app/models/term.rb": [
        null,
        1,
        1,
        1,
        null,
        null,
        null,
        null,
        1,
        null,
        null,
        null,
        1,
        142,
        null,
        null,
        1,
        142,
        null,
        null,
        1,
        6,
        6,
        null,
        null,
        1,
        0,
        null,
        null,
        1,
        null,
        1,
        6,
        6,
        null,
        null,
        1,
        0,
        0,
        null,
        null
      ],
      "/home/denis/Rails/mampf/app/helpers/application_helper.rb": [
        1,
        null,
        1,
        0,
        0,
        0,
        null,
        0,
        null,
        null,
        null,
        1,
        0,
        0,
        0,
        0,
        0,
        0,
        0,
        null,
        null,
        1,
        0,
        null,
        null,
        1,
        0,
        null,
        null,
        1,
        null,
        0,
        null,
        null,
        null
      ],
      "/home/denis/Rails/mampf/app/helpers/chapters_helper.rb": [
        1,
        null
      ],
      "/home/denis/Rails/mampf/app/helpers/courses_helper.rb": [
        1,
        null
      ],
      "/home/denis/Rails/mampf/app/helpers/lectures_helper.rb": [
        1,
        null
      ],
      "/home/denis/Rails/mampf/app/helpers/lessons_helper.rb": [
        1,
        null
      ],
      "/home/denis/Rails/mampf/app/helpers/main_helper.rb": [
        1,
        null
      ],
      "/home/denis/Rails/mampf/app/helpers/media_helper.rb": [
        1,
        null
      ],
      "/home/denis/Rails/mampf/app/helpers/profile_helper.rb": [
        1,
        null
      ],
      "/home/denis/Rails/mampf/app/helpers/search_helper.rb": [
        1,
        null,
        1,
        null,
        1,
        0,
        0,
        null,
        null
      ],
      "/home/denis/Rails/mampf/app/helpers/sections_helper.rb": [
        1,
        null
      ],
      "/home/denis/Rails/mampf/app/helpers/tags_helper.rb": [
        1,
        null
      ],
      "/home/denis/Rails/mampf/app/helpers/teachers_helper.rb": [
        1,
        null
      ],
      "/home/denis/Rails/mampf/app/models/course_tag_join.rb": [
        null,
        null,
        1,
        1,
        1,
        null
      ],
      "/home/denis/Rails/mampf/app/models/lecture_tag_disabled_join.rb": [
        null,
        null,
        1,
        1,
        1,
        null
      ],
      "/home/denis/Rails/mampf/app/models/lecture_tag_additional_join.rb": [
        null,
        null,
        1,
        1,
        1,
        null
      ],
      "/home/denis/Rails/mampf/app/models/lesson_tag_join.rb": [
        null,
        null,
        1,
        1,
        1,
        null
      ],
      "/home/denis/Rails/mampf/app/models/medium_tag_join.rb": [
        null,
        null,
        1,
        1,
        1,
        null
      ],
      "/home/denis/Rails/mampf/app/models/link.rb": [
        null,
        null,
        1,
        1,
        1,
        1,
        null,
        1,
        1,
        1,
        null,
        1,
        null,
        1,
        0,
        null,
        null,
        1,
        0,
        null,
        null,
        1,
        0,
        null,
        null,
        1,
        0,
        null,
        null,
        1,
        0,
        null,
        null,
        1,
        0,
        null,
        null
      ],
      "/home/denis/Rails/mampf/app/models/lesson_section_join.rb": [
        null,
        null,
        1,
        1,
        1,
        null
      ],
      "/home/denis/Rails/mampf/app/models/section_tag_join.rb": [
        null,
        null,
        1,
        1,
        1,
        null
      ],
      "/home/denis/Rails/mampf/app/mailers/application_mailer.rb": [
        0,
        0,
        0,
        0
      ],
      "/home/denis/Rails/mampf/app/channels/application_cable/connection.rb": [
        0,
        0,
        0,
        0
      ],
      "/home/denis/Rails/mampf/app/channels/application_cable/channel.rb": [
        0,
        0,
        0,
        0
      ],
      "/home/denis/Rails/mampf/app/serializers/tag_serializer.rb": [
        0,
        0,
        0,
        0,
        0
      ],
      "/home/denis/Rails/mampf/app/serializers/medium_serializer.rb": [
        0,
        0,
        0
      ],
      "/home/denis/Rails/mampf/app/jobs/application_job.rb": [
        0,
        0
      ],
      "/home/denis/Rails/mampf/app/controllers/lectures_controller.rb": [
        0,
        0,
        0,
        0,
        0,
        0,
        0,
        0,
        0,
        0,
        0,
        0,
        0,
        0,
        0,
        0,
        0,
        0,
        0
      ],
      "/home/denis/Rails/mampf/app/controllers/api/v1/media_controller.rb": [
        0,
        0,
        0,
        0,
        0,
        0,
        0,
        0,
        0,
        0,
        0,
        0,
        0,
        0,
        0,
        0,
        0,
        0,
        0,
        0,
        0,
        0,
        0,
        0,
        0,
        0
      ],
      "/home/denis/Rails/mampf/app/controllers/api/v1/tags_controller.rb": [
        0,
        0,
        0,
        0,
        0,
        0,
        0,
        0,
        0,
        0,
        0,
        0,
        0,
        0,
        0
      ],
      "/home/denis/Rails/mampf/app/controllers/application_controller.rb": [
        0,
        0,
        0,
        0,
        0,
        0,
        0,
        0,
        0,
        0
      ],
      "/home/denis/Rails/mampf/app/controllers/chapters_controller.rb": [
        0,
        0,
        0,
        0,
        0,
        0,
        0,
        0,
        0,
        0,
        0,
        0,
        0,
        0,
        0,
        0,
        0,
        0
      ],
      "/home/denis/Rails/mampf/app/controllers/courses_controller.rb": [
        0,
        0,
        0,
        0,
        0,
        0,
        0,
        0,
        0,
        0,
        0,
        0,
        0,
        0,
        0,
        0,
        0,
        0
      ],
      "/home/denis/Rails/mampf/app/controllers/registrations_controller.rb": [
        0,
        0,
        0,
        0,
        0,
        0
      ],
      "/home/denis/Rails/mampf/app/controllers/lessons_controller.rb": [
        0,
        0,
        0,
        0,
        0,
        0,
        0,
        0,
        0,
        0,
        0,
        0,
        0,
        0,
        0,
        0,
        0,
        0
      ],
      "/home/denis/Rails/mampf/app/controllers/main_controller.rb": [
        0,
        0,
        0,
        0,
        0,
        0,
        0,
        0,
        0,
        0,
        0,
        0,
        0,
        0,
        0
      ],
      "/home/denis/Rails/mampf/app/controllers/profile_controller.rb": [
        0,
        0,
        0,
        0,
        0,
        0,
        0,
        0,
        0,
        0,
        0,
        0,
        0,
        0,
        0,
        0,
        0,
        0,
        0,
        0,
        0,
        0,
        0,
        0,
        0,
        0,
        0,
        0,
        0,
        0,
        0,
        0,
        0,
        0
      ],
      "/home/denis/Rails/mampf/app/controllers/sections_controller.rb": [
        0,
        0,
        0,
        0,
        0,
        0,
        0,
        0,
        0,
        0,
        0,
        0,
        0,
        0,
        0,
        0,
        0,
        0
      ],
      "/home/denis/Rails/mampf/app/controllers/media_controller.rb": [
        0,
        0,
        0,
        0,
        0,
        0,
        0,
        0,
        0,
        0,
        0,
        0,
        0,
        0,
        0,
        0,
        0,
        0,
        0,
        0,
        0,
        0,
        0,
        0,
        0,
        0,
        0,
        0,
        0,
        0,
        0,
        0,
        0,
        0,
        0,
        0,
        0,
        0,
        0,
        0,
        0,
        0,
        0,
        0,
        0,
        0,
        0,
        0,
        0,
        0,
        0,
        0,
        0,
        0,
        0
      ],
      "/home/denis/Rails/mampf/app/controllers/search_controller.rb": [
        0,
        0,
        0,
        0,
        0,
        0,
        0,
        0,
        0,
        0,
        0,
        0,
        0,
        0,
        0,
        0,
        0,
        0,
        0,
        0,
        0
      ],
      "/home/denis/Rails/mampf/app/controllers/tags_controller.rb": [
        0,
        0,
        0,
        0,
        0,
        0,
        0,
        0,
        0,
        0,
        0,
        0,
        0,
        0,
        0,
        0,
        0,
        0
      ],
      "/home/denis/Rails/mampf/app/controllers/teachers_controller.rb": [
        0,
        0,
        0,
        0,
        0,
        0,
        0,
        0,
        0,
        0,
        0,
        0,
        0,
        0,
        0,
        0,
        0,
        0,
        0,
        0,
        0,
        0
      ],
      "/home/denis/Rails/mampf/app/models/ability.rb": [
        0,
        0,
        0,
        0,
        0,
        0,
        0,
        0,
        0,
        0,
        0,
        0,
        0,
        0,
        0,
        0,
        0,
        0,
        0,
        0,
        0,
        0,
        0,
        0,
        0,
        0,
        0,
        0,
        0,
        0,
        0,
        0,
        0,
        0,
        0,
        0
      ],
      "/home/denis/Rails/mampf/app/models/relation.rb": [
        0,
        0,
        0,
        0,
        0,
        0,
        0,
        0,
        0,
        0,
        0,
        0,
        0,
        0,
        0,
        0,
        0,
        0,
        0,
        0,
        0,
        0,
        0,
        0,
        0,
        0,
        0,
        0,
        0,
        0,
        0,
        0,
        0,
        0,
        0,
        0,
        0,
        0
      ],
      "/home/denis/Rails/mampf/app/models/connection.rb": [
        0,
        0,
        0,
        0,
        0,
        0,
        0,
        0,
        0,
        0,
        0,
        0,
        0,
        0,
        0
      ],
      "/home/denis/Rails/mampf/app/models/lecture_user_join.rb": [
        0,
        0,
        0,
        0,
        0,
        0
      ]
    },
    "timestamp": 1513426560
  }
}
